[0;34m[[1;34m08:01:32[0;34m] [0mEBotPlatform V0.9.0
[0m[0;34m[[1;34m08:01:32[0;34m] [0mCopyright Elektro-volk 2016-2018
[0m[0;34m[[1;34m08:01:32[0;34m] [0mЗагрузка модулей...
[0m[0;34m[[1;34m08:01:32[0;34m] [0mLoaded 19 events.
[0m[0;34m[[1;34m08:01:32[0;34m] [0mCommands
[0m[0;34m[[1;34m08:01:32[0;34m] [0mСкрипты были успешно запущены.
[0m[0;34m[[1;34m08:01:32[0;34m] [0mПолучение LongPoll сервера...
[0m[0;34m[[1;34m08:01:32[0;34m] [0mLongPoll успешно запущен.
[0m[0;34m[[1;34m08:05:16[0;34m] [0m204|472868895
[0m[0;34m[[1;34m08:05:18[0;34m] [0mI: 0; T: 24 ms.
[0m[0;34m[[1;34m08:05:38[0;34m] [0m204|472868895
[0m[0;34m[[1;34m08:05:40[0;34m] [0mI: 0; T: 5 ms.
[0m[0;34m[[1;34m08:06:38[0;34m] [0m41|471256498
[0m[0;34m[[1;34m08:06:40[0;34m] [0mI: 0; T: 70 ms.
[0m[0;34m[[1;34m08:06:55[0;34m] [0m204|472868895
[0m[0;34m[[1;34m08:06:56[0;34m] [0mI: 0; T: 3 ms.
[0m[0;34m[[1;34m08:07:17[0;34m] [0m472868895
[0m[0;34m[[1;34m08:07:18[0;34m] [0mI: 429658; T: 2 ms.
[0m[0;34m[[1;34m08:07:33[0;34m] [0m472868895
[0m[0;34m[[1;34m08:07:34[0;34m] [0mI: 429660; T: 3 ms.
[0m